Removed Pin From Net: NetName=D4 Pin=U2-3
Removed Pin From Net: NetName=D5 Pin=U2-4
Removed Pin From Net: NetName=D6 Pin=U2-5
Removed Pin From Net: NetName=D7 Pin=U2-6
Removed Pin From Net: NetName=D0 Pin=U2-11
Removed Pin From Net: NetName=D1 Pin=U2-12
Removed Pin From Net: NetName=D2 Pin=U2-13
Removed Pin From Net: NetName=D3 Pin=U2-14
Added Component: Designator=R23(RES-SMD-0805)
Add component (AddParameter): Name = "Code"; Value = "1024-086"; VariantName = "[No Variations]"
Added Component: Designator=R24(RES-SMD-0805)
Add component (AddParameter): Name = "Code"; Value = "1024-086"; VariantName = "[No Variations]"
Added Component: Designator=R25(RES-SMD-0805)
Add component (AddParameter): Name = "Code"; Value = "1024-086"; VariantName = "[No Variations]"
Added Component: Designator=R26(RES-SMD-0805)
Add component (AddParameter): Name = "Code"; Value = "1024-086"; VariantName = "[No Variations]"
Added Component: Designator=R27(RES-SMD-0805)
Add component (AddParameter): Name = "Code"; Value = "1024-086"; VariantName = "[No Variations]"
Added Component: Designator=R28(RES-SMD-0805)
Add component (AddParameter): Name = "Code"; Value = "1024-086"; VariantName = "[No Variations]"
Added Component: Designator=R29(RES-SMD-0805)
Add component (AddParameter): Name = "Code"; Value = "1024-086"; VariantName = "[No Variations]"
Added Component: Designator=R30(RES-SMD-0805)
Add component (AddParameter): Name = "Code"; Value = "1024-086"; VariantName = "[No Variations]"
Added Pin To Net: NetName=D0 Pin=R23-2
Added Pin To Net: NetName=D1 Pin=R24-2
Added Pin To Net: NetName=D2 Pin=R25-2
Added Pin To Net: NetName=D3 Pin=R26-2
Added Pin To Net: NetName=D4 Pin=R27-2
Added Pin To Net: NetName=D5 Pin=R28-2
Added Pin To Net: NetName=D6 Pin=R29-2
Added Pin To Net: NetName=D7 Pin=R30-2
Added Pin To Net: NetName=NetR23_1 Pin=R23-1
Added Pin To Net: NetName=NetR23_1 Pin=U2-11
Added Net: Name=NetR23_1
Added Pin To Net: NetName=NetR24_1 Pin=R24-1
Added Pin To Net: NetName=NetR24_1 Pin=U2-12
Added Net: Name=NetR24_1
Added Pin To Net: NetName=NetR25_1 Pin=R25-1
Added Pin To Net: NetName=NetR25_1 Pin=U2-13
Added Net: Name=NetR25_1
Added Pin To Net: NetName=NetR26_1 Pin=R26-1
Added Pin To Net: NetName=NetR26_1 Pin=U2-14
Added Net: Name=NetR26_1
Added Pin To Net: NetName=NetR27_1 Pin=R27-1
Added Pin To Net: NetName=NetR27_1 Pin=U2-3
Added Net: Name=NetR27_1
Added Pin To Net: NetName=NetR28_1 Pin=R28-1
Added Pin To Net: NetName=NetR28_1 Pin=U2-4
Added Net: Name=NetR28_1
Added Pin To Net: NetName=NetR29_1 Pin=R29-1
Added Pin To Net: NetName=NetR29_1 Pin=U2-5
Added Net: Name=NetR29_1
Added Pin To Net: NetName=NetR30_1 Pin=R30-1
Added Pin To Net: NetName=NetR30_1 Pin=U2-6
Added Net: Name=NetR30_1
Added Member To Class: ClassName=schematic Member=Component R23 1k
Added Member To Class: ClassName=schematic Member=Component R24 1k
Added Member To Class: ClassName=schematic Member=Component R25 1k
Added Member To Class: ClassName=schematic Member=Component R26 1k
Added Member To Class: ClassName=schematic Member=Component R27 1k
Added Member To Class: ClassName=schematic Member=Component R28 1k
Added Member To Class: ClassName=schematic Member=Component R29 1k
Added Member To Class: ClassName=schematic Member=Component R30 1k
