Change Component Designator: Old Designator=C? New Designator=C1
Change Component Designator: Old Designator=C? New Designator=C2
Change Component Designator: Old Designator=C? New Designator=C3
Change Component Designator: Old Designator=C? New Designator=C4
Change Component Designator: Old Designator=C? New Designator=C5
Change Component Designator: Old Designator=C? New Designator=C6
Change Component Designator: Old Designator=C? New Designator=C7
Change Component Designator: Old Designator=C? New Designator=C8
Change Component Designator: Old Designator=CN? New Designator=CN1
Change Component Designator: Old Designator=D? New Designator=D1
Change Component Designator: Old Designator=D? New Designator=D2
Change Component Designator: Old Designator=D? New Designator=D3
Change Component Designator: Old Designator=D? New Designator=D4
Change Component Designator: Old Designator=D? New Designator=D5
Change Component Designator: Old Designator=D? New Designator=D6
Change Component Designator: Old Designator=D? New Designator=D7
Change Component Designator: Old Designator=D? New Designator=D8
Change Component Designator: Old Designator=D? New Designator=D9
Change Component Designator: Old Designator=D? New Designator=D10
Change Component Designator: Old Designator=IC? New Designator=IC1
Change Component Designator: Old Designator=L? New Designator=L1
Change Component Designator: Old Designator=L_PW? New Designator=L_PW1
Change Component Designator: Old Designator=P? New Designator=P1
Change Component Designator: Old Designator=P? New Designator=P2
Change Component Designator: Old Designator=Q? New Designator=Q1
Change Component Designator: Old Designator=Q? New Designator=Q2
Change Component Designator: Old Designator=Q? New Designator=Q3
Change Component Designator: Old Designator=Q? New Designator=Q4
Change Component Designator: Old Designator=Q? New Designator=Q5
Change Component Designator: Old Designator=Q? New Designator=Q6
Change Component Designator: Old Designator=Q? New Designator=Q7
Change Component Designator: Old Designator=Q? New Designator=Q8
Change Component Designator: Old Designator=Q? New Designator=Q9
Change Component Designator: Old Designator=Q? New Designator=Q10
Change Component Designator: Old Designator=Q? New Designator=Q11
Change Component Designator: Old Designator=Q? New Designator=Q12
Change Component Designator: Old Designator=Q? New Designator=Q13
Change Component Designator: Old Designator=Q? New Designator=Q14
Change Component Designator: Old Designator=Q? New Designator=Q15
Change Component Designator: Old Designator=Q? New Designator=Q16
Change Component Designator: Old Designator=Q? New Designator=Q17
Change Component Designator: Old Designator=Q? New Designator=Q18
Change Component Designator: Old Designator=Q? New Designator=Q19
Change Component Designator: Old Designator=Q? New Designator=Q20
Change Component Designator: Old Designator=Q? New Designator=Q21
Change Component Designator: Old Designator=Q? New Designator=Q22
Change Component Designator: Old Designator=Q? New Designator=Q23
Change Component Designator: Old Designator=Q? New Designator=Q24
Change Component Designator: Old Designator=Q? New Designator=Q25
Change Component Designator: Old Designator=Q? New Designator=Q26
Change Component Designator: Old Designator=Q? New Designator=Q27
Change Component Designator: Old Designator=Q? New Designator=Q28
Change Component Designator: Old Designator=Q? New Designator=Q29
Change Component Designator: Old Designator=Q? New Designator=Q30
Change Component Designator: Old Designator=Q? New Designator=Q31
Change Component Designator: Old Designator=Q? New Designator=Q32
Change Component Designator: Old Designator=Q? New Designator=Q33
Change Component Designator: Old Designator=Q? New Designator=Q34
Change Component Designator: Old Designator=Q? New Designator=Q35
Change Component Designator: Old Designator=Q? New Designator=Q36
Change Component Designator: Old Designator=Q? New Designator=Q37
Change Component Designator: Old Designator=Q? New Designator=Q38
Change Component Designator: Old Designator=Q? New Designator=Q39
Change Component Designator: Old Designator=Q? New Designator=Q40
Change Component Designator: Old Designator=Q? New Designator=Q41
Change Component Designator: Old Designator=Q? New Designator=Q42
Change Component Designator: Old Designator=Q? New Designator=Q43
Change Component Designator: Old Designator=Q? New Designator=Q44
Change Component Designator: Old Designator=Q? New Designator=Q45
Change Component Designator: Old Designator=Q? New Designator=Q46
Change Component Designator: Old Designator=Q? New Designator=Q47
Change Component Designator: Old Designator=Q? New Designator=Q48
Change Component Designator: Old Designator=Q? New Designator=Q49
Change Component Designator: Old Designator=Q? New Designator=Q50
Change Component Designator: Old Designator=Q? New Designator=Q51
Change Component Designator: Old Designator=Q? New Designator=Q52
Change Component Designator: Old Designator=Q? New Designator=Q53
Change Component Designator: Old Designator=Q? New Designator=Q54
Change Component Designator: Old Designator=Q? New Designator=Q55
Change Component Designator: Old Designator=Q? New Designator=Q56
Change Component Designator: Old Designator=Q? New Designator=Q57
Change Component Designator: Old Designator=Q? New Designator=Q58
Change Component Designator: Old Designator=Q? New Designator=Q59
Change Component Designator: Old Designator=Q? New Designator=Q60
Change Component Designator: Old Designator=Q? New Designator=Q61
Change Component Designator: Old Designator=Q? New Designator=Q62
Change Component Designator: Old Designator=Q? New Designator=Q63
Change Component Designator: Old Designator=Q? New Designator=Q64
Change Component Designator: Old Designator=Q? New Designator=Q65
Change Component Designator: Old Designator=Q? New Designator=Q66
Change Component Designator: Old Designator=Q? New Designator=Q67
Change Component Designator: Old Designator=Q? New Designator=Q68
Change Component Designator: Old Designator=Q? New Designator=Q69
Change Component Designator: Old Designator=Q? New Designator=Q70
Change Component Designator: Old Designator=Q? New Designator=Q71
Change Component Designator: Old Designator=Q? New Designator=Q72
Change Component Designator: Old Designator=Q? New Designator=Q73
Change Component Designator: Old Designator=Q? New Designator=Q74
Change Component Designator: Old Designator=R? New Designator=R1
Change Component Designator: Old Designator=R? New Designator=R2
Change Component Designator: Old Designator=R? New Designator=R3
Change Component Designator: Old Designator=R? New Designator=R4
Change Component Designator: Old Designator=R? New Designator=R5
Change Component Designator: Old Designator=R? New Designator=R6
Change Component Designator: Old Designator=R? New Designator=R7
Change Component Designator: Old Designator=R? New Designator=R8
Change Component Designator: Old Designator=R? New Designator=R9
Change Component Designator: Old Designator=R? New Designator=R10
Change Component Designator: Old Designator=R? New Designator=R11
Change Component Designator: Old Designator=R? New Designator=R12
Change Component Designator: Old Designator=R? New Designator=R13
Change Component Designator: Old Designator=R? New Designator=R14
Change Component Designator: Old Designator=R? New Designator=R15
Change Component Designator: Old Designator=R? New Designator=R16
Change Component Designator: Old Designator=R? New Designator=R17
Change Component Designator: Old Designator=R? New Designator=R18
Change Component Designator: Old Designator=R? New Designator=R19
Change Component Designator: Old Designator=R? New Designator=R20
Change Component Designator: Old Designator=R? New Designator=R21
Change Component Designator: Old Designator=R? New Designator=R22
Change Component Designator: Old Designator=U? New Designator=U1
Change Component Designator: Old Designator=U? New Designator=U2
Change Component Designator: Old Designator=U? New Designator=U3
